momo_partner_sdk/build/intermediates/manifest_merge_blame_file/debug/processDebugManifest/manifest-merger-blame-debug-report.txt
1<?xml version="1.0" encoding="utf-8"?>
2<manifest xmlns:android="http://schemas.android.com/apk/res/android"
3    package="vn.momo.momo_partner" >
4
5    <uses-sdk android:minSdkVersion="16" />
6
7    <uses-permission android:name="android.permission.INTERNET" />
7-->src\main\AndroidManifest.xml:3:5-67
7-->src\main\AndroidManifest.xml:3:22-64
8    <uses-permission android:name="android.permission.ACCESS_NETWORK_STATE" />
8-->src\main\AndroidManifest.xml:4:5-79
8-->src\main\AndroidManifest.xml:4:22-76
9
10    <queries>
10-->src\main\AndroidManifest.xml:5:5-8:15
11        <package android:name="com.mservice.momotransfer" />
11-->src\main\AndroidManifest.xml:6:9-61
11-->src\main\AndroidManifest.xml:6:18-58
12        <package android:name="vn.momo.platform.test" />
12-->src\main\AndroidManifest.xml:7:10-58
12-->src\main\AndroidManifest.xml:7:19-55
13    </queries>
14
15    <application
15-->src\main\AndroidManifest.xml:9:5-14:19
16        android:hardwareAccelerated="true"
16-->src\main\AndroidManifest.xml:13:9-43
17        android:label="@string/app_name"
17-->src\main\AndroidManifest.xml:10:9-41
18        android:supportsRtl="true"
18-->src\main\AndroidManifest.xml:11:9-35
19        android:theme="@style/AppTheme" >
19-->src\main\AndroidManifest.xml:12:9-40
20    </application>
21
22</manifest>